<?xml version="1.0" encoding="UTF-8"?>
<!-- Generated by org.testng.reporters.JUnitReportReporter -->
<testsuite skipped="0" hostname="DESKTOP-AMDF1SE" name="org.tasks.FaceBook1" tests="1" failures="0" timestamp="19 Sep 2022 13:58:09 GMT" time="5.747" errors="0">
  <testcase name="busniesslogics" time="5.747" classname="org.tasks.FaceBook1"/>
</testsuite> <!-- org.tasks.FaceBook1 -->
